#
# A fatal error has been detected by the Java Runtime Environment:
#
#  SIGSEGV (0xb) at pc=0x00007fc2f89953f6, pid=8004, tid=8019
#
# JRE version: OpenJDK Runtime Environment (11.0.2+9) (build 11.0.2+9)
# Java VM: OpenJDK 64-Bit Server VM (11.0.2+9, mixed mode, tiered, compressed oops, g1 gc, linux-amd64)
# Problematic frame:
# V  [libjvm.so+0x5203f6]  LinearScanWalker::activate_current()+0x86
#
# Core dump will be written. Default location: Core dumps may be processed with "/usr/share/apport/apport %p %s %c %d %P" (or dumping to /home/gk/NetBeansProjects/JDBCSqlite/core.8004)
#
# If you would like to submit a bug report, please visit:
#   http://bugreport.java.com/bugreport/crash.jsp
#

---------------  S U M M A R Y ------------

Command Line: -Dfile.encoding=UTF-8 DataTable.UserTable

Host: Intel(R) Core(TM) i5-4310U CPU @ 2.00GHz, 4 cores, 7G, Ubuntu 18.04.3 LTS
Time: Fri Nov  8 17:58:50 2019 +08 elapsed time: 0 seconds (0d 0h 0m 0s)

---------------  T H R E A D  ---------------

Current thread (0x00007fc2f416a000):  JavaThread "C1 CompilerThread0" daemon [_thread_in_native, id=8019, stack(0x00007fc2c2f1a000,0x00007fc2c301b000)]


Current CompileTask:
C1:    257  151       3       java.lang.Class::getClassLoader (28 bytes)

Stack: [0x00007fc2c2f1a000,0x00007fc2c301b000],  sp=0x00007fc2c3018620,  free space=1017k
Native frames: (J=compiled Java code, A=aot compiled Java code, j=interpreted, Vv=VM code, C=native code)
V  [libjvm.so+0x5203f6]  LinearScanWalker::activate_current()+0x86
V  [libjvm.so+0x520500]  IntervalWalker::walk_to(int) [clone .constprop.232]+0x70
V  [libjvm.so+0x520827]  LinearScan::allocate_registers()+0x2b7
V  [libjvm.so+0x5225fa]  LinearScan::do_linear_scan()+0x5a
V  [libjvm.so+0x4a5333]  Compilation::emit_lir()+0x5b3
V  [libjvm.so+0x4a5c70]  Compilation::compile_java_method()+0x260
V  [libjvm.so+0x4a5f4f]  Compilation::compile_method()+0x12f
V  [libjvm.so+0x4a63af]  Compilation::Compilation(AbstractCompiler*, ciEnv*, ciMethod*, int, BufferBlob*, DirectiveSet*)+0x22f
V  [libjvm.so+0x4a6c8e]  Compiler::compile_method(ciEnv*, ciMethod*, int, DirectiveSet*)+0xae
V  [libjvm.so+0x645b4c]  CompileBroker::invoke_compiler_on_method(CompileTask*)+0x4fc
V  [libjvm.so+0x6476c8]  CompileBroker::compiler_thread_loop()+0x598
V  [libjvm.so+0xdc2b0d]  JavaThread::thread_main_inner()+0x21d
V  [libjvm.so+0xdc2eb7]  JavaThread::run()+0x377
V  [libjvm.so+0xc076a0]  thread_native_entry(Thread*)+0xf0


siginfo: si_signo: 11 (SIGSEGV), si_code: 2 (SEGV_ACCERR), si_addr: 0x00007fc2a0178358

Register to memory mapping:

RAX=
[error occurred during error reporting (printing register info), id 0xb, SIGSEGV (0xb) at pc=0x00007fc2f8be4b0c]

Registers:
RAX=0x00000000ffffff01, RBX=0x00007fc2a00782d0, RCX=0x00000000ffffffff, RDX=0x00007fc2a01782d0
RSP=0x00007fc2c3018620, RBP=0x00007fc2c3018640, RSI=0x00000000000001d9, RDI=0x00007fc2c3018690
R8 =0x00000000ffffffff, R9 =0x00007fc2c30185df, R10=0x0000000000000000, R11=0x00000000000001de
R12=0x00007fc2c3018690, R13=0x00007fc2f4263080, R14=0x00007fc2ac06e300, R15=0x00007fc2c3018a78
RIP=0x00007fc2f89953f6, EFLAGS=0x0000000000010246, CSGSFS=0x002b000000000033, ERR=0x0000000000000006
  TRAPNO=0x000000000000000e

Top of Stack: (sp=0x00007fc2c3018620)
0x00007fc2c3018620:   00007fc2c30186b0 00007fc2c3018a78
0x00007fc2c3018630:   00007fc2c3018690 00000000000001d8
0x00007fc2c3018640:   00007fc2c3018660 00007fc2f8995500
0x00007fc2c3018650:   00007fc2c3018690 0000000200000000 

Instructions: (pc=0x00007fc2f89953f6)
0x00007fc2f89953d6:   08 48 8b 92 88 00 00 00 48 89 d9 4c 89 e7 88 45
0x00007fc2f89953e6:   ef 8b 36 e8 32 e8 ff ff 0f b6 45 ef 48 8b 53 60
0x00007fc2f89953f6:   48 89 9a 88 00 00 00 48 83 c4 10 5b 41 5c 5d c3
0x00007fc2f8995406:   66 2e 0f 1f 84 00 00 00 00 00 83 7b 44 ff b8 01 

Stack slot to memory mapping:
stack at sp + 0 slots: 0x00007fc2c30186b0 is pointing into the stack for thread: 0x00007fc2f416a000
stack at sp + 1 slots: 0x00007fc2c3018a78 is pointing into the stack for thread: 0x00007fc2f416a000
stack at sp + 2 slots: 0x00007fc2c3018690 is pointing into the stack for thread: 0x00007fc2f416a000
stack at sp + 3 slots: 0x00000000000001d8 is an unknown value
stack at sp + 4 slots: 0x00007fc2c3018660 is pointing into the stack for thread: 0x00007fc2f416a000
stack at sp + 5 slots: 0x00007fc2f8995500: <offset 0x0000000000520500> in /home/gk/Downloads/jdk-11.0.2/lib/server/libjvm.so at 0x00007fc2f8475000
stack at sp + 6 slots: 0x00007fc2c3018690 is pointing into the stack for thread: 0x00007fc2f416a000
stack at sp + 7 slots: 0x0000000200000000 is an unknown value


---------------  P R O C E S S  ---------------

Threads class SMR info:
_java_thread_list=0x00007fc2f4200190, length=9, elements={
0x00007fc2f4011800, 0x00007fc2f414e000, 0x00007fc2f4152000, 0x00007fc2f4165800,
0x00007fc2f4168000, 0x00007fc2f416a000, 0x00007fc2f416c000, 0x00007fc2f41eb000,
0x00007fc2f41fe800
}

Java Threads: ( => current thread )
  0x00007fc2f4011800 JavaThread "main" [_thread_in_vm, id=8008, stack(0x00007fc2fa641000,0x00007fc2fa742000)]
  0x00007fc2f414e000 JavaThread "Reference Handler" daemon [_thread_blocked, id=8015, stack(0x00007fc2c35fd000,0x00007fc2c36fe000)]
  0x00007fc2f4152000 JavaThread "Finalizer" daemon [_thread_blocked, id=8016, stack(0x00007fc2c34fc000,0x00007fc2c35fd000)]
  0x00007fc2f4165800 JavaThread "Signal Dispatcher" daemon [_thread_blocked, id=8017, stack(0x00007fc2c311c000,0x00007fc2c321d000)]
  0x00007fc2f4168000 JavaThread "C2 CompilerThread0" daemon [_thread_in_native, id=8018, stack(0x00007fc2c301b000,0x00007fc2c311c000)]
=>0x00007fc2f416a000 JavaThread "C1 CompilerThread0" daemon [_thread_in_native, id=8019, stack(0x00007fc2c2f1a000,0x00007fc2c301b000)]
  0x00007fc2f416c000 JavaThread "Sweeper thread" daemon [_thread_blocked, id=8020, stack(0x00007fc2c2e19000,0x00007fc2c2f1a000)]
  0x00007fc2f41eb000 JavaThread "Service Thread" daemon [_thread_blocked, id=8021, stack(0x00007fc2c2d18000,0x00007fc2c2e19000)]
  0x00007fc2f41fe800 JavaThread "Common-Cleaner" daemon [_thread_blocked, id=8023, stack(0x00007fc2c2b15000,0x00007fc2c2c16000)]

Other Threads:
  0x00007fc2f4146000 VMThread "VM Thread" [stack: 0x00007fc2c3700000,0x00007fc2c3800000] [id=8014]
  0x00007fc2f41ed800 WatcherThread [stack: 0x00007fc2c2c18000,0x00007fc2c2d18000] [id=8022]
  0x00007fc2f4039800 GCTaskThread "GC Thread#0" [stack: 0x00007fc2db6d9000,0x00007fc2db7d9000] [id=8009]
  0x00007fc2f406a800 ConcurrentGCThread "G1 Main Marker" [stack: 0x00007fc2d8780000,0x00007fc2d8880000] [id=8010]
  0x00007fc2f406c800 ConcurrentGCThread "G1 Conc#0" [stack: 0x00007fc2d867e000,0x00007fc2d877e000] [id=8011]
  0x00007fc2f40e4800 ConcurrentGCThread "G1 Refine#0" [stack: 0x00007fc2d8178000,0x00007fc2d8278000] [id=8012]
  0x00007fc2f40e6000 ConcurrentGCThread "G1 Young RemSet Sampling" [stack: 0x00007fc2d8076000,0x00007fc2d8176000] [id=8013]

Threads with active compile tasks:
C2 CompilerThread0 249       4       jdk.internal.org.objectweb.asm.Item::set (219 bytes)
C1 CompilerThread0 151       3       java.lang.Class::getClassLoader (28 bytes)

VM state:not at safepoint (normal execution)

VM Mutex/Monitor currently owned by a thread: None

Heap address: 0x0000000084e00000, size: 1970 MB, Compressed Oops mode: 32-bit
Narrow klass base: 0x0000000000000000, Narrow klass shift: 3
Compressed class space size: 1073741824 Address: 0x0000000100000000

Heap:
 garbage-first heap   total 126976K, used 2048K [0x0000000084e00000, 0x0000000100000000)
  region size 1024K, 3 young (3072K), 0 survivors (0K)
 Metaspace       used 7561K, capacity 7733K, committed 7936K, reserved 1056768K
  class space    used 694K, capacity 744K, committed 768K, reserved 1048576K
Heap Regions: E=young(eden), S=young(survivor), O=old, HS=humongous(starts), HC=humongous(continues), CS=collection set, F=free, A=archive, TAMS=top-at-mark-start (previous, next)
|   0|0x0000000084e00000, 0x0000000084e00000, 0x0000000084f00000|  0%| F|  |TAMS 0x0000000084e00000, 0x0000000084e00000| Untracked 
|   1|0x0000000084f00000, 0x0000000084f00000, 0x0000000085000000|  0%| F|  |TAMS 0x0000000084f00000, 0x0000000084f00000| Untracked 
|   2|0x0000000085000000, 0x0000000085000000, 0x0000000085100000|  0%| F|  |TAMS 0x0000000085000000, 0x0000000085000000| Untracked 
|   3|0x0000000085100000, 0x0000000085100000, 0x0000000085200000|  0%| F|  |TAMS 0x0000000085100000, 0x0000000085100000| Untracked 
|   4|0x0000000085200000, 0x0000000085200000, 0x0000000085300000|  0%| F|  |TAMS 0x0000000085200000, 0x0000000085200000| Untracked 
|   5|0x0000000085300000, 0x0000000085300000, 0x0000000085400000|  0%| F|  |TAMS 0x0000000085300000, 0x0000000085300000| Untracked 
|   6|0x0000000085400000, 0x0000000085400000, 0x0000000085500000|  0%| F|  |TAMS 0x0000000085400000, 0x0000000085400000| Untracked 
|   7|0x0000000085500000, 0x0000000085500000, 0x0000000085600000|  0%| F|  |TAMS 0x0000000085500000, 0x0000000085500000| Untracked 
|   8|0x0000000085600000, 0x0000000085600000, 0x0000000085700000|  0%| F|  |TAMS 0x0000000085600000, 0x0000000085600000| Untracked 
|   9|0x0000000085700000, 0x0000000085700000, 0x0000000085800000|  0%| F|  |TAMS 0x0000000085700000, 0x0000000085700000| Untracked 
|  10|0x0000000085800000, 0x0000000085800000, 0x0000000085900000|  0%| F|  |TAMS 0x0000000085800000, 0x0000000085800000| Untracked 
|  11|0x0000000085900000, 0x0000000085900000, 0x0000000085a00000|  0%| F|  |TAMS 0x0000000085900000, 0x0000000085900000| Untracked 
|  12|0x0000000085a00000, 0x0000000085a00000, 0x0000000085b00000|  0%| F|  |TAMS 0x0000000085a00000, 0x0000000085a00000| Untracked 
|  13|0x0000000085b00000, 0x0000000085b00000, 0x0000000085c00000|  0%| F|  |TAMS 0x0000000085b00000, 0x0000000085b00000| Untracked 
|  14|0x0000000085c00000, 0x0000000085c00000, 0x0000000085d00000|  0%| F|  |TAMS 0x0000000085c00000, 0x0000000085c00000| Untracked 
|  15|0x0000000085d00000, 0x0000000085d00000, 0x0000000085e00000|  0%| F|  |TAMS 0x0000000085d00000, 0x0000000085d00000| Untracked 
|  16|0x0000000085e00000, 0x0000000085e00000, 0x0000000085f00000|  0%| F|  |TAMS 0x0000000085e00000, 0x0000000085e00000| Untracked 
|  17|0x0000000085f00000, 0x0000000085f00000, 0x0000000086000000|  0%| F|  |TAMS 0x0000000085f00000, 0x0000000085f00000| Untracked 
|  18|0x0000000086000000, 0x0000000086000000, 0x0000000086100000|  0%| F|  |TAMS 0x0000000086000000, 0x0000000086000000| Untracked 
|  19|0x0000000086100000, 0x0000000086100000, 0x0000000086200000|  0%| F|  |TAMS 0x0000000086100000, 0x0000000086100000| Untracked 
|  20|0x0000000086200000, 0x0000000086200000, 0x0000000086300000|  0%| F|  |TAMS 0x0000000086200000, 0x0000000086200000| Untracked 
|  21|0x0000000086300000, 0x0000000086300000, 0x0000000086400000|  0%| F|  |TAMS 0x0000000086300000, 0x0000000086300000| Untracked 
|  22|0x0000000086400000, 0x0000000086400000, 0x0000000086500000|  0%| F|  |TAMS 0x0000000086400000, 0x0000000086400000| Untracked 
|  23|0x0000000086500000, 0x0000000086500000, 0x0000000086600000|  0%| F|  |TAMS 0x0000000086500000, 0x0000000086500000| Untracked 
|  24|0x0000000086600000, 0x0000000086600000, 0x0000000086700000|  0%| F|  |TAMS 0x0000000086600000, 0x0000000086600000| Untracked 
|  25|0x0000000086700000, 0x0000000086700000, 0x0000000086800000|  0%| F|  |TAMS 0x0000000086700000, 0x0000000086700000| Untracked 
|  26|0x0000000086800000, 0x0000000086800000, 0x0000000086900000|  0%| F|  |TAMS 0x0000000086800000, 0x0000000086800000| Untracked 
|  27|0x0000000086900000, 0x0000000086900000, 0x0000000086a00000|  0%| F|  |TAMS 0x0000000086900000, 0x0000000086900000| Untracked 
|  28|0x0000000086a00000, 0x0000000086a00000, 0x0000000086b00000|  0%| F|  |TAMS 0x0000000086a00000, 0x0000000086a00000| Untracked 
|  29|0x0000000086b00000, 0x0000000086b00000, 0x0000000086c00000|  0%| F|  |TAMS 0x0000000086b00000, 0x0000000086b00000| Untracked 
|  30|0x0000000086c00000, 0x0000000086c00000, 0x0000000086d00000|  0%| F|  |TAMS 0x0000000086c00000, 0x0000000086c00000| Untracked 
|  31|0x0000000086d00000, 0x0000000086d00000, 0x0000000086e00000|  0%| F|  |TAMS 0x0000000086d00000, 0x0000000086d00000| Untracked 
|  32|0x0000000086e00000, 0x0000000086e00000, 0x0000000086f00000|  0%| F|  |TAMS 0x0000000086e00000, 0x0000000086e00000| Untracked 
|  33|0x0000000086f00000, 0x0000000086f00000, 0x0000000087000000|  0%| F|  |TAMS 0x0000000086f00000, 0x0000000086f00000| Untracked 
|  34|0x0000000087000000, 0x0000000087000000, 0x0000000087100000|  0%| F|  |TAMS 0x0000000087000000, 0x0000000087000000| Untracked 
|  35|0x0000000087100000, 0x0000000087100000, 0x0000000087200000|  0%| F|  |TAMS 0x0000000087100000, 0x0000000087100000| Untracked 
|  36|0x0000000087200000, 0x0000000087200000, 0x0000000087300000|  0%| F|  |TAMS 0x0000000087200000, 0x0000000087200000| Untracked 
|  37|0x0000000087300000, 0x0000000087300000, 0x0000000087400000|  0%| F|  |TAMS 0x0000000087300000, 0x0000000087300000| Untracked 
|  38|0x0000000087400000, 0x0000000087400000, 0x0000000087500000|  0%| F|  |TAMS 0x0000000087400000, 0x0000000087400000| Untracked 
|  39|0x0000000087500000, 0x0000000087500000, 0x0000000087600000|  0%| F|  |TAMS 0x0000000087500000, 0x0000000087500000| Untracked 
|  40|0x0000000087600000, 0x0000000087600000, 0x0000000087700000|  0%| F|  |TAMS 0x0000000087600000, 0x0000000087600000| Untracked 
|  41|0x0000000087700000, 0x0000000087700000, 0x0000000087800000|  0%| F|  |TAMS 0x0000000087700000, 0x0000000087700000| Untracked 
|  42|0x0000000087800000, 0x0000000087800000, 0x0000000087900000|  0%| F|  |TAMS 0x0000000087800000, 0x0000000087800000| Untracked 
|  43|0x0000000087900000, 0x0000000087900000, 0x0000000087a00000|  0%| F|  |TAMS 0x0000000087900000, 0x0000000087900000| Untracked 
|  44|0x0000000087a00000, 0x0000000087a00000, 0x0000000087b00000|  0%| F|  |TAMS 0x0000000087a00000, 0x0000000087a00000| Untracked 
|  45|0x0000000087b00000, 0x0000000087b00000, 0x0000000087c00000|  0%| F|  |TAMS 0x0000000087b00000, 0x0000000087b00000| Untracked 
|  46|0x0000000087c00000, 0x0000000087c00000, 0x0000000087d00000|  0%| F|  |TAMS 0x0000000087c00000, 0x0000000087c00000| Untracked 
|  47|0x0000000087d00000, 0x0000000087d00000, 0x0000000087e00000|  0%| F|  |TAMS 0x0000000087d00000, 0x0000000087d00000| Untracked 
|  48|0x0000000087e00000, 0x0000000087e00000, 0x0000000087f00000|  0%| F|  |TAMS 0x0000000087e00000, 0x0000000087e00000| Untracked 
|  49|0x0000000087f00000, 0x0000000087f00000, 0x0000000088000000|  0%| F|  |TAMS 0x0000000087f00000, 0x0000000087f00000| Untracked 
|  50|0x0000000088000000, 0x0000000088000000, 0x0000000088100000|  0%| F|  |TAMS 0x0000000088000000, 0x0000000088000000| Untracked 
|  51|0x0000000088100000, 0x0000000088100000, 0x0000000088200000|  0%| F|  |TAMS 0x0000000088100000, 0x0000000088100000| Untracked 
|  52|0x0000000088200000, 0x0000000088200000, 0x0000000088300000|  0%| F|  |TAMS 0x0000000088200000, 0x0000000088200000| Untracked 
|  53|0x0000000088300000, 0x0000000088300000, 0x0000000088400000|  0%| F|  |TAMS 0x0000000088300000, 0x0000000088300000| Untracked 
|  54|0x0000000088400000, 0x0000000088400000, 0x0000000088500000|  0%| F|  |TAMS 0x0000000088400000, 0x0000000088400000| Untracked 
|  55|0x0000000088500000, 0x0000000088500000, 0x0000000088600000|  0%| F|  |TAMS 0x0000000088500000, 0x0000000088500000| Untracked 
|  56|0x0000000088600000, 0x0000000088600000, 0x0000000088700000|  0%| F|  |TAMS 0x0000000088600000, 0x0000000088600000| Untracked 
|  57|0x0000000088700000, 0x0000000088700000, 0x0000000088800000|  0%| F|  |TAMS 0x0000000088700000, 0x0000000088700000| Untracked 
|  58|0x0000000088800000, 0x0000000088800000, 0x0000000088900000|  0%| F|  |TAMS 0x0000000088800000, 0x0000000088800000| Untracked 
|  59|0x0000000088900000, 0x0000000088900000, 0x0000000088a00000|  0%| F|  |TAMS 0x0000000088900000, 0x0000000088900000| Untracked 
|  60|0x0000000088a00000, 0x0000000088a00000, 0x0000000088b00000|  0%| F|  |TAMS 0x0000000088a00000, 0x0000000088a00000| Untracked 
|  61|0x0000000088b00000, 0x0000000088b00000, 0x0000000088c00000|  0%| F|  |TAMS 0x0000000088b00000, 0x0000000088b00000| Untracked 
|  62|0x0000000088c00000, 0x0000000088c00000, 0x0000000088d00000|  0%| F|  |TAMS 0x0000000088c00000, 0x0000000088c00000| Untracked 
|  63|0x0000000088d00000, 0x0000000088d00000, 0x0000000088e00000|  0%| F|  |TAMS 0x0000000088d00000, 0x0000000088d00000| Untracked 
|  64|0x0000000088e00000, 0x0000000088e00000, 0x0000000088f00000|  0%| F|  |TAMS 0x0000000088e00000, 0x0000000088e00000| Untracked 
|  65|0x0000000088f00000, 0x0000000088f00000, 0x0000000089000000|  0%| F|  |TAMS 0x0000000088f00000, 0x0000000088f00000| Untracked 
|  66|0x0000000089000000, 0x0000000089000000, 0x0000000089100000|  0%| F|  |TAMS 0x0000000089000000, 0x0000000089000000| Untracked 
|  67|0x0000000089100000, 0x0000000089100000, 0x0000000089200000|  0%| F|  |TAMS 0x0000000089100000, 0x0000000089100000| Untracked 
|  68|0x0000000089200000, 0x0000000089200000, 0x0000000089300000|  0%| F|  |TAMS 0x0000000089200000, 0x0000000089200000| Untracked 
|  69|0x0000000089300000, 0x0000000089300000, 0x0000000089400000|  0%| F|  |TAMS 0x0000000089300000, 0x0000000089300000| Untracked 
|  70|0x0000000089400000, 0x0000000089400000, 0x0000000089500000|  0%| F|  |TAMS 0x0000000089400000, 0x0000000089400000| Untracked 
|  71|0x0000000089500000, 0x0000000089500000, 0x0000000089600000|  0%| F|  |TAMS 0x0000000089500000, 0x0000000089500000| Untracked 
|  72|0x0000000089600000, 0x0000000089600000, 0x0000000089700000|  0%| F|  |TAMS 0x0000000089600000, 0x0000000089600000| Untracked 
|  73|0x0000000089700000, 0x0000000089700000, 0x0000000089800000|  0%| F|  |TAMS 0x0000000089700000, 0x0000000089700000| Untracked 
|  74|0x0000000089800000, 0x0000000089800000, 0x0000000089900000|  0%| F|  |TAMS 0x0000000089800000, 0x0000000089800000| Untracked 
|  75|0x0000000089900000, 0x0000000089900000, 0x0000000089a00000|  0%| F|  |TAMS 0x0000000089900000, 0x0000000089900000| Untracked 
|  76|0x0000000089a00000, 0x0000000089a00000, 0x0000000089b00000|  0%| F|  |TAMS 0x0000000089a00000, 0x0000000089a00000| Untracked 
|  77|0x0000000089b00000, 0x0000000089b00000, 0x0000000089c00000|  0%| F|  |TAMS 0x0000000089b00000, 0x0000000089b00000| Untracked 
|  78|0x0000000089c00000, 0x0000000089c00000, 0x0000000089d00000|  0%| F|  |TAMS 0x0000000089c00000, 0x0000000089c00000| Untracked 
|  79|0x0000000089d00000, 0x0000000089d00000, 0x0000000089e00000|  0%| F|  |TAMS 0x0000000089d00000, 0x0000000089d00000| Untracked 
|  80|0x0000000089e00000, 0x0000000089e00000, 0x0000000089f00000|  0%| F|  |TAMS 0x0000000089e00000, 0x0000000089e00000| Untracked 
|  81|0x0000000089f00000, 0x0000000089f00000, 0x000000008a000000|  0%| F|  |TAMS 0x0000000089f00000, 0x0000000089f00000| Untracked 
|  82|0x000000008a000000, 0x000000008a000000, 0x000000008a100000|  0%| F|  |TAMS 0x000000008a000000, 0x000000008a000000| Untracked 
|  83|0x000000008a100000, 0x000000008a100000, 0x000000008a200000|  0%| F|  |TAMS 0x000000008a100000, 0x000000008a100000| Untracked 
|  84|0x000000008a200000, 0x000000008a200000, 0x000000008a300000|  0%| F|  |TAMS 0x000000008a200000, 0x000000008a200000| Untracked 
|  85|0x000000008a300000, 0x000000008a300000, 0x000000008a400000|  0%| F|  |TAMS 0x000000008a300000, 0x000000008a300000| Untracked 
|  86|0x000000008a400000, 0x000000008a400000, 0x000000008a500000|  0%| F|  |TAMS 0x000000008a400000, 0x000000008a400000| Untracked 
|  87|0x000000008a500000, 0x000000008a500000, 0x000000008a600000|  0%| F|  |TAMS 0x000000008a500000, 0x000000008a500000| Untracked 
|  88|0x000000008a600000, 0x000000008a600000, 0x000000008a700000|  0%| F|  |TAMS 0x000000008a600000, 0x000000008a600000| Untracked 
|  89|0x000000008a700000, 0x000000008a700000, 0x000000008a800000|  0%| F|  |TAMS 0x000000008a700000, 0x000000008a700000| Untracked 
|  90|0x000000008a800000, 0x000000008a800000, 0x000000008a900000|  0%| F|  |TAMS 0x000000008a800000, 0x000000008a800000| Untracked 
|  91|0x000000008a900000, 0x000000008a900000, 0x000000008aa00000|  0%| F|  |TAMS 0x000000008a900000, 0x000000008a900000| Untracked 
|  92|0x000000008aa00000, 0x000000008aa00000, 0x000000008ab00000|  0%| F|  |TAMS 0x000000008aa00000, 0x000000008aa00000| Untracked 
|  93|0x000000008ab00000, 0x000000008ab00000, 0x000000008ac00000|  0%| F|  |TAMS 0x000000008ab00000, 0x000000008ab00000| Untracked 
|  94|0x000000008ac00000, 0x000000008ac00000, 0x000000008ad00000|  0%| F|  |TAMS 0x000000008ac00000, 0x000000008ac00000| Untracked 
|  95|0x000000008ad00000, 0x000000008ad00000, 0x000000008ae00000|  0%| F|  |TAMS 0x000000008ad00000, 0x000000008ad00000| Untracked 
|  96|0x000000008ae00000, 0x000000008ae00000, 0x000000008af00000|  0%| F|  |TAMS 0x000000008ae00000, 0x000000008ae00000| Untracked 
|  97|0x000000008af00000, 0x000000008af00000, 0x000000008b000000|  0%| F|  |TAMS 0x000000008af00000, 0x000000008af00000| Untracked 
|  98|0x000000008b000000, 0x000000008b000000, 0x000000008b100000|  0%| F|  |TAMS 0x000000008b000000, 0x000000008b000000| Untracked 
|  99|0x000000008b100000, 0x000000008b100000, 0x000000008b200000|  0%| F|  |TAMS 0x000000008b100000, 0x000000008b100000| Untracked 
| 100|0x000000008b200000, 0x000000008b200000, 0x000000008b300000|  0%| F|  |TAMS 0x000000008b200000, 0x000000008b200000| Untracked 
| 101|0x000000008b300000, 0x000000008b300000, 0x000000008b400000|  0%| F|  |TAMS 0x000000008b300000, 0x000000008b300000| Untracked 
| 102|0x000000008b400000, 0x000000008b400000, 0x000000008b500000|  0%| F|  |TAMS 0x000000008b400000, 0x000000008b400000| Untracked 
| 103|0x000000008b500000, 0x000000008b500000, 0x000000008b600000|  0%| F|  |TAMS 0x000000008b500000, 0x000000008b500000| Untracked 
| 104|0x000000008b600000, 0x000000008b600000, 0x000000008b700000|  0%| F|  |TAMS 0x000000008b600000, 0x000000008b600000| Untracked 
| 105|0x000000008b700000, 0x000000008b700000, 0x000000008b800000|  0%| F|  |TAMS 0x000000008b700000, 0x000000008b700000| Untracked 
| 106|0x000000008b800000, 0x000000008b800000, 0x000000008b900000|  0%| F|  |TAMS 0x000000008b800000, 0x000000008b800000| Untracked 
| 107|0x000000008b900000, 0x000000008b900000, 0x000000008ba00000|  0%| F|  |TAMS 0x000000008b900000, 0x000000008b900000| Untracked 
| 108|0x000000008ba00000, 0x000000008ba00000, 0x000000008bb00000|  0%| F|  |TAMS 0x000000008ba00000, 0x000000008ba00000| Untracked 
| 109|0x000000008bb00000, 0x000000008bb00000, 0x000000008bc00000|  0%| F|  |TAMS 0x000000008bb00000, 0x000000008bb00000| Untracked 
| 110|0x000000008bc00000, 0x000000008bc00000, 0x000000008bd00000|  0%| F|  |TAMS 0x000000008bc00000, 0x000000008bc00000| Untracked 
| 111|0x000000008bd00000, 0x000000008bd00000, 0x000000008be00000|  0%| F|  |TAMS 0x000000008bd00000, 0x000000008bd00000| Untracked 
| 112|0x000000008be00000, 0x000000008be00000, 0x000000008bf00000|  0%| F|  |TAMS 0x000000008be00000, 0x000000008be00000| Untracked 
| 113|0x000000008bf00000, 0x000000008bf00000, 0x000000008c000000|  0%| F|  |TAMS 0x000000008bf00000, 0x000000008bf00000| Untracked 
| 114|0x000000008c000000, 0x000000008c000000, 0x000000008c100000|  0%| F|  |TAMS 0x000000008c000000, 0x000000008c000000| Untracked 
| 115|0x000000008c100000, 0x000000008c100000, 0x000000008c200000|  0%| F|  |TAMS 0x000000008c100000, 0x000000008c100000| Untracked 
| 116|0x000000008c200000, 0x000000008c200000, 0x000000008c300000|  0%| F|  |TAMS 0x000000008c200000, 0x000000008c200000| Untracked 
| 117|0x000000008c300000, 0x000000008c300000, 0x000000008c400000|  0%| F|  |TAMS 0x000000008c300000, 0x000000008c300000| Untracked 
| 118|0x000000008c400000, 0x000000008c400000, 0x000000008c500000|  0%| F|  |TAMS 0x000000008c400000, 0x000000008c400000| Untracked 
| 119|0x000000008c500000, 0x000000008c500000, 0x000000008c600000|  0%| F|  |TAMS 0x000000008c500000, 0x000000008c500000| Untracked 
| 120|0x000000008c600000, 0x000000008c600000, 0x000000008c700000|  0%| F|  |TAMS 0x000000008c600000, 0x000000008c600000| Untracked 
| 121|0x000000008c700000, 0x000000008c800000, 0x000000008c800000|100%| E|  |TAMS 0x000000008c700000, 0x000000008c700000| Complete 
| 122|0x000000008c800000, 0x000000008c900000, 0x000000008c900000|100%| E|CS|TAMS 0x000000008c800000, 0x000000008c800000| Complete 
| 123|0x000000008c900000, 0x000000008ca00000, 0x000000008ca00000|100%| E|CS|TAMS 0x000000008c900000, 0x000000008c900000| Complete 

Card table byte_map: [0x00007fc2dab21000,0x00007fc2daefa000] _byte_map_base: 0x00007fc2da6fa000

Marking Bits (Prev, Next): (CMBitMap*) 0x00007fc2f4061e38, (CMBitMap*) 0x00007fc2f4061e70
 Prev Bits: [0x00007fc2d8880000, 0x00007fc2da748000)
 Next Bits: [0x00007fc2d2138000, 0x00007fc2d4000000)

Polling page: 0x00007fc2fa766000

Metaspace:

Usage:
  Non-class:      6.90 MB capacity,     6.77 MB ( 98%) used,   121.73 KB (  2%) free+waste,    11.00 KB ( <1%) overhead. 
      Class:    753.00 KB capacity,   707.92 KB ( 94%) used,    39.70 KB (  5%) free+waste,     5.38 KB ( <1%) overhead. 
       Both:      7.64 MB capacity,     7.46 MB ( 98%) used,   161.43 KB (  2%) free+waste,    16.38 KB ( <1%) overhead. 

Virtual space:
  Non-class space:        8.00 MB reserved,       7.00 MB ( 88%) committed 
      Class space:        1.00 GB reserved,     768.00 KB ( <1%) committed 
             Both:        1.01 GB reserved,       7.75 MB ( <1%) committed 

Chunk freelists:
   Non-Class:  4.62 KB
       Class:  1.88 KB
        Both:  6.50 KB

CodeHeap 'non-profiled nmethods': size=120032Kb used=83Kb max_used=83Kb free=119948Kb
 bounds [0x00007fc2e3477000, 0x00007fc2e36e7000, 0x00007fc2ea9af000]
CodeHeap 'profiled nmethods': size=120032Kb used=164Kb max_used=164Kb free=119867Kb
 bounds [0x00007fc2dbf3f000, 0x00007fc2dc1af000, 0x00007fc2e3477000]
CodeHeap 'non-nmethods': size=5696Kb used=1056Kb max_used=1061Kb free=4639Kb
 bounds [0x00007fc2db9af000, 0x00007fc2dbc1f000, 0x00007fc2dbf3f000]
 total_blobs=651 nmethods=222 adapters=275
 compilation: enabled
              stopped_count=0, restarted_count=0
 full_count=0

Compilation events (10 events):
Event: 0.160 Thread 0x00007fc2f416a000 nmethod 141 0x00007fc2dbf66790 code [0x00007fc2dbf669c0, 0x00007fc2dbf670a8]
Event: 0.164 Thread 0x00007fc2f416a000  143       3       java.util.Arrays::copyOf (19 bytes)
Event: 0.165 Thread 0x00007fc2f416a000 nmethod 143 0x00007fc2dbf67310 code [0x00007fc2dbf674e0, 0x00007fc2dbf67808]
Event: 0.166 Thread 0x00007fc2f416a000  144       3       java.lang.ref.Reference::<init> (7 bytes)
Event: 0.166 Thread 0x00007fc2f416a000 nmethod 144 0x00007fc2dbf67910 code [0x00007fc2dbf67ae0, 0x00007fc2dbf67dd0]
Event: 0.166 Thread 0x00007fc2f416a000  146       1       java.lang.invoke.MethodType::form (5 bytes)
Event: 0.166 Thread 0x00007fc2f416a000 nmethod 146 0x00007fc2e3481190 code [0x00007fc2e3481340, 0x00007fc2e3481450]
Event: 0.167 Thread 0x00007fc2f416a000  149       3       java.lang.invoke.MethodType::parameterType (7 bytes)
Event: 0.167 Thread 0x00007fc2f416a000 nmethod 149 0x00007fc2dbf67e90 code [0x00007fc2dbf68040, 0x00007fc2dbf681b0]
Event: 0.168 Thread 0x00007fc2f416a000  151       3       java.lang.Class::getClassLoader (28 bytes)

GC Heap History (0 events):
No events

Deoptimization events (1 events):
Event: 0.084 Thread 0x00007fc2f4011800 Uncommon trap: reason=unstable_if action=reinterpret pc=0x00007fc2e347b4f0 method=java.lang.String.hashCode()I @ 14 c2

Classes redefined (0 events):
No events

Internal exceptions (1 events):
Event: 0.148 Thread 0x00007fc2f4011800 Exception <a 'java/lang/ClassNotFoundException'{0x000000008c8507a8}: sun/awt/resources/spi/awtProvider> (0x000000008c8507a8) thrown at [/scratch/opt/mach5/mesos/work_dir/slaves/07fc96ef-bf4d-487f-b22f-a84e49f5f44a-S39073/frameworks/1735e8a2-a1db-478c-8104

Events (10 events):
Event: 0.169 loading class java/lang/invoke/StringConcatFactory$Stringifiers$StringifierMost done
Event: 0.169 loading class java/lang/ClassValue$Entry
Event: 0.169 loading class java/lang/ClassValue$Entry done
Event: 0.169 loading class java/lang/ClassValue$Identity
Event: 0.169 loading class java/lang/ClassValue$Identity done
Event: 0.169 loading class java/lang/ClassValue$Version
Event: 0.169 loading class java/lang/ClassValue$Version done
Event: 0.169 loading class java/lang/invoke/StringConcatFactory$Stringifiers$StringifierAny
Event: 0.169 loading class java/lang/invoke/StringConcatFactory$Stringifiers$StringifierAny done
Event: 0.170 loading class java/lang/ClassValue$ClassValueMap


Dynamic libraries:
00400000-00401000 r-xp 00000000 08:02 17956903                           /home/gk/Downloads/jdk-11.0.2/bin/java
00600000-00601000 r--p 00000000 08:02 17956903                           /home/gk/Downloads/jdk-11.0.2/bin/java
00601000-00602000 rw-p 00001000 08:02 17956903                           /home/gk/Downloads/jdk-11.0.2/bin/java
00709000-0072a000 rw-p 00000000 00:00 0                                  [heap]
84e00000-8ca00000 rw-p 00000000 00:00 0 
8ca00000-100000000 ---p 00000000 00:00 0 
100000000-1000c0000 rw-p 00000000 00:00 0 
1000c0000-140000000 ---p 00000000 00:00 0 
7fc290000000-7fc290021000 rw-p 00000000 00:00 0 
7fc290021000-7fc294000000 ---p 00000000 00:00 0 
7fc298000000-7fc298021000 rw-p 00000000 00:00 0 
7fc298021000-7fc29c000000 ---p 00000000 00:00 0 
7fc29c000000-7fc29c021000 rw-p 00000000 00:00 0 
7fc29c021000-7fc2a0000000 ---p 00000000 00:00 0 
7fc2a0000000-7fc2a009e000 rw-p 00000000 00:00 0 
7fc2a009e000-7fc2a4000000 ---p 00000000 00:00 0 
7fc2a4000000-7fc2a4021000 rw-p 00000000 00:00 0 
7fc2a4021000-7fc2a8000000 ---p 00000000 00:00 0 
7fc2a8000000-7fc2a8021000 rw-p 00000000 00:00 0 
7fc2a8021000-7fc2ac000000 ---p 00000000 00:00 0 
7fc2ac000000-7fc2ac1f7000 rw-p 00000000 00:00 0 
7fc2ac1f7000-7fc2b0000000 ---p 00000000 00:00 0 
7fc2b0000000-7fc2b0021000 rw-p 00000000 00:00 0 
7fc2b0021000-7fc2b4000000 ---p 00000000 00:00 0 
7fc2b4000000-7fc2b4021000 rw-p 00000000 00:00 0 
7fc2b4021000-7fc2b8000000 ---p 00000000 00:00 0 
7fc2b8000000-7fc2b8021000 rw-p 00000000 00:00 0 
7fc2b8021000-7fc2bc000000 ---p 00000000 00:00 0 
7fc2bc000000-7fc2bc021000 rw-p 00000000 00:00 0 
7fc2bc021000-7fc2c0000000 ---p 00000000 00:00 0 
7fc2c0a87000-7fc2c0e07000 rw-p 00000000 00:00 0 
7fc2c0e07000-7fc2c0e1a000 r-xp 00000000 08:02 9835395                    /lib/x86_64-linux-gnu/libbsd.so.0.8.7
7fc2c0e1a000-7fc2c1019000 ---p 00013000 08:02 9835395                    /lib/x86_64-linux-gnu/libbsd.so.0.8.7
7fc2c1019000-7fc2c101a000 r--p 00012000 08:02 9835395                    /lib/x86_64-linux-gnu/libbsd.so.0.8.7
7fc2c101a000-7fc2c101b000 rw-p 00013000 08:02 9835395                    /lib/x86_64-linux-gnu/libbsd.so.0.8.7
7fc2c101b000-7fc2c101c000 rw-p 00000000 00:00 0 
7fc2c101c000-7fc2c1021000 r-xp 00000000 08:02 8134177                    /usr/lib/x86_64-linux-gnu/libXdmcp.so.6.0.0
7fc2c1021000-7fc2c1220000 ---p 00005000 08:02 8134177                    /usr/lib/x86_64-linux-gnu/libXdmcp.so.6.0.0
7fc2c1220000-7fc2c1221000 r--p 00004000 08:02 8134177                    /usr/lib/x86_64-linux-gnu/libXdmcp.so.6.0.0
7fc2c1221000-7fc2c1222000 rw-p 00005000 08:02 8134177                    /usr/lib/x86_64-linux-gnu/libXdmcp.so.6.0.0
7fc2c1222000-7fc2c1224000 r-xp 00000000 08:02 8134166                    /usr/lib/x86_64-linux-gnu/libXau.so.6.0.0
7fc2c1224000-7fc2c1424000 ---p 00002000 08:02 8134166                    /usr/lib/x86_64-linux-gnu/libXau.so.6.0.0
7fc2c1424000-7fc2c1425000 r--p 00002000 08:02 8134166                    /usr/lib/x86_64-linux-gnu/libXau.so.6.0.0
7fc2c1425000-7fc2c1426000 rw-p 00003000 08:02 8134166                    /usr/lib/x86_64-linux-gnu/libXau.so.6.0.0
7fc2c1426000-7fc2c144c000 r-xp 00000000 08:02 8135733                    /usr/lib/x86_64-linux-gnu/libxcb.so.1.1.0
7fc2c144c000-7fc2c164c000 ---p 00026000 08:02 8135733                    /usr/lib/x86_64-linux-gnu/libxcb.so.1.1.0
7fc2c164c000-7fc2c164d000 r--p 00026000 08:02 8135733                    /usr/lib/x86_64-linux-gnu/libxcb.so.1.1.0
7fc2c164d000-7fc2c164e000 rw-p 00027000 08:02 8135733                    /usr/lib/x86_64-linux-gnu/libxcb.so.1.1.0
7fc2c164e000-7fc2c165d000 r-xp 00000000 08:02 8134187                    /usr/lib/x86_64-linux-gnu/libXi.so.6.1.0
7fc2c165d000-7fc2c185c000 ---p 0000f000 08:02 8134187                    /usr/lib/x86_64-linux-gnu/libXi.so.6.1.0
7fc2c185c000-7fc2c185d000 r--p 0000e000 08:02 8134187                    /usr/lib/x86_64-linux-gnu/libXi.so.6.1.0
7fc2c185d000-7fc2c185e000 rw-p 0000f000 08:02 8134187                    /usr/lib/x86_64-linux-gnu/libXi.so.6.1.0
7fc2c185e000-7fc2c1863000 r-xp 00000000 08:02 8134205                    /usr/lib/x86_64-linux-gnu/libXtst.so.6.1.0
7fc2c1863000-7fc2c1a62000 ---p 00005000 08:02 8134205                    /usr/lib/x86_64-linux-gnu/libXtst.so.6.1.0
7fc2c1a62000-7fc2c1a63000 r--p 00004000 08:02 8134205                    /usr/lib/x86_64-linux-gnu/libXtst.so.6.1.0
7fc2c1a63000-7fc2c1a64000 rw-p 00005000 08:02 8134205                    /usr/lib/x86_64-linux-gnu/libXtst.so.6.1.0
7fc2c1a64000-7fc2c1a6d000 r-xp 00000000 08:02 8134199                    /usr/lib/x86_64-linux-gnu/libXrender.so.1.3.0
7fc2c1a6d000-7fc2c1c6c000 ---p 00009000 08:02 8134199                    /usr/lib/x86_64-linux-gnu/libXrender.so.1.3.0
7fc2c1c6c000-7fc2c1c6d000 r--p 00008000 08:02 8134199                    /usr/lib/x86_64-linux-gnu/libXrender.so.1.3.0
7fc2c1c6d000-7fc2c1c6e000 rw-p 00009000 08:02 8134199                    /usr/lib/x86_64-linux-gnu/libXrender.so.1.3.0
7fc2c1c6e000-7fc2c1da1000 r-xp 00000000 08:02 8134164                    /usr/lib/x86_64-linux-gnu/libX11.so.6.3.0
7fc2c1da1000-7fc2c1fa1000 ---p 00133000 08:02 8134164                    /usr/lib/x86_64-linux-gnu/libX11.so.6.3.0
7fc2c1fa1000-7fc2c1fa2000 r--p 00133000 08:02 8134164                    /usr/lib/x86_64-linux-gnu/libX11.so.6.3.0
7fc2c1fa2000-7fc2c1fa6000 rw-p 00134000 08:02 8134164                    /usr/lib/x86_64-linux-gnu/libX11.so.6.3.0
7fc2c1fa6000-7fc2c1fb7000 r-xp 00000000 08:02 8134179                    /usr/lib/x86_64-linux-gnu/libXext.so.6.4.0
7fc2c1fb7000-7fc2c21b6000 ---p 00011000 08:02 8134179                    /usr/lib/x86_64-linux-gnu/libXext.so.6.4.0
7fc2c21b6000-7fc2c21b7000 r--p 00010000 08:02 8134179                    /usr/lib/x86_64-linux-gnu/libXext.so.6.4.0
7fc2c21b7000-7fc2c21b8000 rw-p 00011000 08:02 8134179                    /usr/lib/x86_64-linux-gnu/libXext.so.6.4.0
7fc2c21b8000-7fc2c2216000 r-xp 00000000 08:02 17957416                   /home/gk/Downloads/jdk-11.0.2/lib/libawt_xawt.so
7fc2c2216000-7fc2c2415000 ---p 0005e000 08:02 17957416                   /home/gk/Downloads/jdk-11.0.2/lib/libawt_xawt.so
7fc2c2415000-7fc2c2416000 r--p 0005d000 08:02 17957416                   /home/gk/Downloads/jdk-11.0.2/lib/libawt_xawt.so
7fc2c2416000-7fc2c2419000 rw-p 0005e000 08:02 17957416                   /home/gk/Downloads/jdk-11.0.2/lib/libawt_xawt.so
7fc2c2419000-7fc2c241b000 rw-p 00000000 00:00 0 
7fc2c241b000-7fc2c24bb000 r-xp 00000000 08:02 17957414                   /home/gk/Downloads/jdk-11.0.2/lib/libawt.so
7fc2c24bb000-7fc2c26bb000 ---p 000a0000 08:02 17957414                   /home/gk/Downloads/jdk-11.0.2/lib/libawt.so
7fc2c26bb000-7fc2c26bc000 r--p 000a0000 08:02 17957414                   /home/gk/Downloads/jdk-11.0.2/lib/libawt.so
7fc2c26bc000-7fc2c26c7000 rw-p 000a1000 08:02 17957414                   /home/gk/Downloads/jdk-11.0.2/lib/libawt.so
7fc2c26c7000-7fc2c26ec000 rw-p 00000000 00:00 0 
7fc2c26ec000-7fc2c2702000 r-xp 00000000 08:02 17957437                   /home/gk/Downloads/jdk-11.0.2/lib/libnet.so
7fc2c2702000-7fc2c2902000 ---p 00016000 08:02 17957437                   /home/gk/Downloads/jdk-11.0.2/lib/libnet.so
7fc2c2902000-7fc2c2903000 r--p 00016000 08:02 17957437                   /home/gk/Downloads/jdk-11.0.2/lib/libnet.so
7fc2c2903000-7fc2c2904000 rw-p 00017000 08:02 17957437                   /home/gk/Downloads/jdk-11.0.2/lib/libnet.so
7fc2c2904000-7fc2c2914000 r-xp 00000000 08:02 17957438                   /home/gk/Downloads/jdk-11.0.2/lib/libnio.so
7fc2c2914000-7fc2c2b13000 ---p 00010000 08:02 17957438                   /home/gk/Downloads/jdk-11.0.2/lib/libnio.so
7fc2c2b13000-7fc2c2b14000 r--p 0000f000 08:02 17957438                   /home/gk/Downloads/jdk-11.0.2/lib/libnio.so
7fc2c2b14000-7fc2c2b15000 rw-p 00010000 08:02 17957438                   /home/gk/Downloads/jdk-11.0.2/lib/libnio.so
7fc2c2b15000-7fc2c2b19000 ---p 00000000 00:00 0 
7fc2c2b19000-7fc2c2c16000 rw-p 00000000 00:00 0 
7fc2c2c16000-7fc2c2c17000 ---p 00000000 00:00 0 
7fc2c2c17000-7fc2c2d18000 rw-p 00000000 00:00 0 
7fc2c2d18000-7fc2c2d1c000 ---p 00000000 00:00 0 
7fc2c2d1c000-7fc2c2e19000 rw-p 00000000 00:00 0 
7fc2c2e19000-7fc2c2e1d000 ---p 00000000 00:00 0 
7fc2c2e1d000-7fc2c2f1a000 rw-p 00000000 00:00 0 
7fc2c2f1a000-7fc2c2f1e000 ---p 00000000 00:00 0 
7fc2c2f1e000-7fc2c301b000 rw-p 00000000 00:00 0 
7fc2c301b000-7fc2c301f000 ---p 00000000 00:00 0 
7fc2c301f000-7fc2c311c000 rw-p 00000000 00:00 0 
7fc2c311c000-7fc2c3120000 ---p 00000000 00:00 0 
7fc2c3120000-7fc2c321d000 rw-p 00000000 00:00 0 
7fc2c321d000-7fc2c34fc000 r--p 00000000 08:02 8132823                    /usr/lib/locale/locale-archive
7fc2c34fc000-7fc2c3500000 ---p 00000000 00:00 0 
7fc2c3500000-7fc2c35fd000 rw-p 00000000 00:00 0 
7fc2c35fd000-7fc2c3601000 ---p 00000000 00:00 0 
7fc2c3601000-7fc2c36fe000 rw-p 00000000 00:00 0 
7fc2c36fe000-7fc2c36ff000 ---p 00000000 00:00 0 
7fc2c36ff000-7fc2c3f00000 rw-p 00000000 00:00 0 
7fc2c3f00000-7fc2c4000000 ---p 00000000 00:00 0 
7fc2c4000000-7fc2c4021000 rw-p 00000000 00:00 0 
7fc2c4021000-7fc2c8000000 ---p 00000000 00:00 0 
7fc2c8000000-7fc2c8021000 rw-p 00000000 00:00 0 
7fc2c8021000-7fc2cc000000 ---p 00000000 00:00 0 
7fc2cc000000-7fc2cc021000 rw-p 00000000 00:00 0 
7fc2cc021000-7fc2d0000000 ---p 00000000 00:00 0 
7fc2d00b7000-7fc2d2328000 rw-p 00000000 00:00 0 
7fc2d2328000-7fc2d4000000 ---p 00000000 00:00 0 
7fc2d4000000-7fc2d4021000 rw-p 00000000 00:00 0 
7fc2d4021000-7fc2d8000000 ---p 00000000 00:00 0 
7fc2d8074000-7fc2d8075000 ---p 00000000 00:00 0 
7fc2d8075000-7fc2d8176000 rw-p 00000000 00:00 0 
7fc2d8176000-7fc2d8177000 ---p 00000000 00:00 0 
7fc2d8177000-7fc2d867c000 rw-p 00000000 00:00 0 
7fc2d867c000-7fc2d867d000 ---p 00000000 00:00 0 
7fc2d867d000-7fc2d877e000 rw-p 00000000 00:00 0 
7fc2d877e000-7fc2d877f000 ---p 00000000 00:00 0 
7fc2d877f000-7fc2d8a70000 rw-p 00000000 00:00 0 
7fc2d8a70000-7fc2da748000 ---p 00000000 00:00 0 
7fc2da748000-7fc2da786000 rw-p 00000000 00:00 0 
7fc2da786000-7fc2dab21000 ---p 00000000 00:00 0 
7fc2dab21000-7fc2dab5f000 rw-p 00000000 00:00 0 
7fc2dab5f000-7fc2daefa000 ---p 00000000 00:00 0 
7fc2daefa000-7fc2daf38000 rw-p 00000000 00:00 0 
7fc2daf38000-7fc2db2d3000 ---p 00000000 00:00 0 
7fc2db2d3000-7fc2db6d7000 rw-p 00000000 00:00 0 
7fc2db6d7000-7fc2db6d8000 ---p 00000000 00:00 0 
7fc2db6d8000-7fc2db7de000 rw-p 00000000 00:00 0 
7fc2db7de000-7fc2db8c4000 ---p 00000000 00:00 0 
7fc2db8c4000-7fc2db8c9000 rw-p 00000000 00:00 0 
7fc2db8c9000-7fc2db9af000 ---p 00000000 00:00 0 
7fc2db9af000-7fc2dbc1f000 rwxp 00000000 00:00 0 
7fc2dbc1f000-7fc2dbf3f000 ---p 00000000 00:00 0 
7fc2dbf3f000-7fc2dc1af000 rwxp 00000000 00:00 0 
7fc2dc1af000-7fc2e3477000 ---p 00000000 00:00 0 
7fc2e3477000-7fc2e36e7000 rwxp 00000000 00:00 0 
7fc2e36e7000-7fc2ea9af000 ---p 00000000 00:00 0 
7fc2ea9af000-7fc2f2d57000 r--s 00000000 08:02 17957448                   /home/gk/Downloads/jdk-11.0.2/lib/modules
7fc2f2d57000-7fc2f2d72000 r-xp 00000000 08:02 17957429                   /home/gk/Downloads/jdk-11.0.2/lib/libjimage.so
7fc2f2d72000-7fc2f2f71000 ---p 0001b000 08:02 17957429                   /home/gk/Downloads/jdk-11.0.2/lib/libjimage.so
7fc2f2f71000-7fc2f2f73000 r--p 0001a000 08:02 17957429                   /home/gk/Downloads/jdk-11.0.2/lib/libjimage.so
7fc2f2f73000-7fc2f2f74000 rw-p 0001c000 08:02 17957429                   /home/gk/Downloads/jdk-11.0.2/lib/libjimage.so
7fc2f2f74000-7fc2f2f7b000 r-xp 00000000 08:02 17957447                   /home/gk/Downloads/jdk-11.0.2/lib/libzip.so
7fc2f2f7b000-7fc2f317a000 ---p 00007000 08:02 17957447                   /home/gk/Downloads/jdk-11.0.2/lib/libzip.so
7fc2f317a000-7fc2f317b000 r--p 00006000 08:02 17957447                   /home/gk/Downloads/jdk-11.0.2/lib/libzip.so
7fc2f317b000-7fc2f317c000 rw-p 00007000 08:02 17957447                   /home/gk/Downloads/jdk-11.0.2/lib/libzip.so
7fc2f317c000-7fc2f3187000 r-xp 00000000 08:02 9835489                    /lib/x86_64-linux-gnu/libnss_files-2.27.so
7fc2f3187000-7fc2f3386000 ---p 0000b000 08:02 9835489                    /lib/x86_64-linux-gnu/libnss_files-2.27.so
7fc2f3386000-7fc2f3387000 r--p 0000a000 08:02 9835489                    /lib/x86_64-linux-gnu/libnss_files-2.27.so
7fc2f3387000-7fc2f3388000 rw-p 0000b000 08:02 9835489                    /lib/x86_64-linux-gnu/libnss_files-2.27.so
7fc2f3388000-7fc2f338e000 rw-p 00000000 00:00 0 
7fc2f338e000-7fc2f33a5000 r-xp 00000000 08:02 9835483                    /lib/x86_64-linux-gnu/libnsl-2.27.so
7fc2f33a5000-7fc2f35a4000 ---p 00017000 08:02 9835483                    /lib/x86_64-linux-gnu/libnsl-2.27.so
7fc2f35a4000-7fc2f35a5000 r--p 00016000 08:02 9835483                    /lib/x86_64-linux-gnu/libnsl-2.27.so
7fc2f35a5000-7fc2f35a6000 rw-p 00017000 08:02 9835483                    /lib/x86_64-linux-gnu/libnsl-2.27.so
7fc2f35a6000-7fc2f35a8000 rw-p 00000000 00:00 0 
7fc2f35a8000-7fc2f35b3000 r-xp 00000000 08:02 9835499                    /lib/x86_64-linux-gnu/libnss_nis-2.27.so
7fc2f35b3000-7fc2f37b2000 ---p 0000b000 08:02 9835499                    /lib/x86_64-linux-gnu/libnss_nis-2.27.so
7fc2f37b2000-7fc2f37b3000 r--p 0000a000 08:02 9835499                    /lib/x86_64-linux-gnu/libnss_nis-2.27.so
7fc2f37b3000-7fc2f37b4000 rw-p 0000b000 08:02 9835499                    /lib/x86_64-linux-gnu/libnss_nis-2.27.so
7fc2f37b4000-7fc2f37bc000 r-xp 00000000 08:02 9835485                    /lib/x86_64-linux-gnu/libnss_compat-2.27.so
7fc2f37bc000-7fc2f39bc000 ---p 00008000 08:02 9835485                    /lib/x86_64-linux-gnu/libnss_compat-2.27.so
7fc2f39bc000-7fc2f39bd000 r--p 00008000 08:02 9835485                    /lib/x86_64-linux-gnu/libnss_compat-2.27.so
7fc2f39bd000-7fc2f39be000 rw-p 00009000 08:02 9835485                    /lib/x86_64-linux-gnu/libnss_compat-2.27.so
7fc2f39be000-7fc2f39e7000 r-xp 00000000 08:02 17957425                   /home/gk/Downloads/jdk-11.0.2/lib/libjava.so
7fc2f39e7000-7fc2f3be6000 ---p 00029000 08:02 17957425                   /home/gk/Downloads/jdk-11.0.2/lib/libjava.so
7fc2f3be6000-7fc2f3be7000 r--p 00028000 08:02 17957425                   /home/gk/Downloads/jdk-11.0.2/lib/libjava.so
7fc2f3be7000-7fc2f3be9000 rw-p 00029000 08:02 17957425                   /home/gk/Downloads/jdk-11.0.2/lib/libjava.so
7fc2f3be9000-7fc2f3bf6000 r-xp 00000000 08:02 17957446                   /home/gk/Downloads/jdk-11.0.2/lib/libverify.so
7fc2f3bf6000-7fc2f3df5000 ---p 0000d000 08:02 17957446                   /home/gk/Downloads/jdk-11.0.2/lib/libverify.so
7fc2f3df5000-7fc2f3df7000 r--p 0000c000 08:02 17957446                   /home/gk/Downloads/jdk-11.0.2/lib/libverify.so
7fc2f3df7000-7fc2f3df8000 rw-p 0000e000 08:02 17957446                   /home/gk/Downloads/jdk-11.0.2/lib/libverify.so
7fc2f3df8000-7fc2f3dff000 r-xp 00000000 08:02 9835539                    /lib/x86_64-linux-gnu/librt-2.27.so
7fc2f3dff000-7fc2f3ffe000 ---p 00007000 08:02 9835539                    /lib/x86_64-linux-gnu/librt-2.27.so
7fc2f3ffe000-7fc2f3fff000 r--p 00006000 08:02 9835539                    /lib/x86_64-linux-gnu/librt-2.27.so
7fc2f3fff000-7fc2f4000000 rw-p 00007000 08:02 9835539                    /lib/x86_64-linux-gnu/librt-2.27.so
7fc2f4000000-7fc2f4320000 rw-p 00000000 00:00 0 
7fc2f4320000-7fc2f8000000 ---p 00000000 00:00 0 
7fc2f804b000-7fc2f80d7000 rw-p 00000000 00:00 0 
7fc2f80d7000-7fc2f8274000 r-xp 00000000 08:02 9835462                    /lib/x86_64-linux-gnu/libm-2.27.so
7fc2f8274000-7fc2f8473000 ---p 0019d000 08:02 9835462                    /lib/x86_64-linux-gnu/libm-2.27.so
7fc2f8473000-7fc2f8474000 r--p 0019c000 08:02 9835462                    /lib/x86_64-linux-gnu/libm-2.27.so
7fc2f8474000-7fc2f8475000 rw-p 0019d000 08:02 9835462                    /lib/x86_64-linux-gnu/libm-2.27.so
7fc2f8475000-7fc2f95b2000 r-xp 00000000 08:02 17957459                   /home/gk/Downloads/jdk-11.0.2/lib/server/libjvm.so
7fc2f95b2000-7fc2f97b1000 ---p 0113d000 08:02 17957459                   /home/gk/Downloads/jdk-11.0.2/lib/server/libjvm.so
7fc2f97b1000-7fc2f9870000 r--p 0113c000 08:02 17957459                   /home/gk/Downloads/jdk-11.0.2/lib/server/libjvm.so
7fc2f9870000-7fc2f98a9000 rw-p 011fb000 08:02 17957459                   /home/gk/Downloads/jdk-11.0.2/lib/server/libjvm.so
7fc2f98a9000-7fc2f98ff000 rw-p 00000000 00:00 0 
7fc2f98ff000-7fc2f9ae6000 r-xp 00000000 08:02 9835399                    /lib/x86_64-linux-gnu/libc-2.27.so
7fc2f9ae6000-7fc2f9ce6000 ---p 001e7000 08:02 9835399                    /lib/x86_64-linux-gnu/libc-2.27.so
7fc2f9ce6000-7fc2f9cea000 r--p 001e7000 08:02 9835399                    /lib/x86_64-linux-gnu/libc-2.27.so
7fc2f9cea000-7fc2f9cec000 rw-p 001eb000 08:02 9835399                    /lib/x86_64-linux-gnu/libc-2.27.so
7fc2f9cec000-7fc2f9cf0000 rw-p 00000000 00:00 0 
7fc2f9cf0000-7fc2f9cf3000 r-xp 00000000 08:02 9835422                    /lib/x86_64-linux-gnu/libdl-2.27.so
7fc2f9cf3000-7fc2f9ef2000 ---p 00003000 08:02 9835422                    /lib/x86_64-linux-gnu/libdl-2.27.so
7fc2f9ef2000-7fc2f9ef3000 r--p 00002000 08:02 9835422                    /lib/x86_64-linux-gnu/libdl-2.27.so
7fc2f9ef3000-7fc2f9ef4000 rw-p 00003000 08:02 9835422                    /lib/x86_64-linux-gnu/libdl-2.27.so
7fc2f9ef4000-7fc2f9f04000 r-xp 00000000 08:02 17957410                   /home/gk/Downloads/jdk-11.0.2/lib/jli/libjli.so
7fc2f9f04000-7fc2fa103000 ---p 00010000 08:02 17957410                   /home/gk/Downloads/jdk-11.0.2/lib/jli/libjli.so
7fc2fa103000-7fc2fa104000 r--p 0000f000 08:02 17957410                   /home/gk/Downloads/jdk-11.0.2/lib/jli/libjli.so
7fc2fa104000-7fc2fa105000 rw-p 00010000 08:02 17957410                   /home/gk/Downloads/jdk-11.0.2/lib/jli/libjli.so
7fc2fa105000-7fc2fa11f000 r-xp 00000000 08:02 9835531                    /lib/x86_64-linux-gnu/libpthread-2.27.so
7fc2fa11f000-7fc2fa31e000 ---p 0001a000 08:02 9835531                    /lib/x86_64-linux-gnu/libpthread-2.27.so
7fc2fa31e000-7fc2fa31f000 r--p 00019000 08:02 9835531                    /lib/x86_64-linux-gnu/libpthread-2.27.so
7fc2fa31f000-7fc2fa320000 rw-p 0001a000 08:02 9835531                    /lib/x86_64-linux-gnu/libpthread-2.27.so
7fc2fa320000-7fc2fa324000 rw-p 00000000 00:00 0 
7fc2fa324000-7fc2fa340000 r-xp 00000000 08:02 9835570                    /lib/x86_64-linux-gnu/libz.so.1.2.11
7fc2fa340000-7fc2fa53f000 ---p 0001c000 08:02 9835570                    /lib/x86_64-linux-gnu/libz.so.1.2.11
7fc2fa53f000-7fc2fa540000 r--p 0001b000 08:02 9835570                    /lib/x86_64-linux-gnu/libz.so.1.2.11
7fc2fa540000-7fc2fa541000 rw-p 0001c000 08:02 9835570                    /lib/x86_64-linux-gnu/libz.so.1.2.11
7fc2fa541000-7fc2fa568000 r-xp 00000000 08:02 9835371                    /lib/x86_64-linux-gnu/ld-2.27.so
7fc2fa595000-7fc2fa641000 rw-p 00000000 00:00 0 
7fc2fa641000-7fc2fa645000 ---p 00000000 00:00 0 
7fc2fa645000-7fc2fa746000 rw-p 00000000 00:00 0 
7fc2fa752000-7fc2fa757000 rw-p 00000000 00:00 0 
7fc2fa757000-7fc2fa75e000 ---p 00000000 00:00 0 
7fc2fa75e000-7fc2fa766000 rw-s 00000000 08:02 8527466                    /tmp/hsperfdata_gk/8004
7fc2fa766000-7fc2fa767000 ---p 00000000 00:00 0 
7fc2fa767000-7fc2fa768000 r--p 00000000 00:00 0 
7fc2fa768000-7fc2fa769000 r--p 00027000 08:02 9835371                    /lib/x86_64-linux-gnu/ld-2.27.so
7fc2fa769000-7fc2fa76a000 rw-p 00028000 08:02 9835371                    /lib/x86_64-linux-gnu/ld-2.27.so
7fc2fa76a000-7fc2fa76b000 rw-p 00000000 00:00 0 
7ffc51555000-7ffc51576000 rw-p 00000000 00:00 0                          [stack]
7ffc515a3000-7ffc515a6000 r--p 00000000 00:00 0                          [vvar]
7ffc515a6000-7ffc515a7000 r-xp 00000000 00:00 0                          [vdso]
ffffffffff600000-ffffffffff601000 r-xp 00000000 00:00 0                  [vsyscall]


VM Arguments:
jvm_args: -Dfile.encoding=UTF-8 
java_command: DataTable.UserTable
java_class_path (initial): /home/gk/NetBeansProjects/JDBCSqlite/lib/sqlite-jdbc-3.27.2.1.jar:/home/gk/NetBeansProjects/JDBCSqlite/build/classes
Launcher Type: SUN_STANDARD

[Global flags]
     intx CICompilerCount                          = 3                                         {product} {ergonomic}
     uint ConcGCThreads                            = 1                                         {product} {ergonomic}
     uint G1ConcRefinementThreads                  = 4                                         {product} {ergonomic}
   size_t G1HeapRegionSize                         = 1048576                                   {product} {ergonomic}
    uintx GCDrainStackTargetSize                   = 64                                        {product} {ergonomic}
   size_t InitialHeapSize                          = 130023424                                 {product} {ergonomic}
   size_t MarkStackSize                            = 4194304                                   {product} {ergonomic}
   size_t MaxHeapSize                              = 2065694720                                {product} {ergonomic}
   size_t MaxNewSize                               = 1239416832                                {product} {ergonomic}
   size_t MinHeapDeltaBytes                        = 1048576                                   {product} {ergonomic}
    uintx NonNMethodCodeHeapSize                   = 5830092                                {pd product} {ergonomic}
    uintx NonProfiledCodeHeapSize                  = 122914074                              {pd product} {ergonomic}
    uintx ProfiledCodeHeapSize                     = 122914074                              {pd product} {ergonomic}
    uintx ReservedCodeCacheSize                    = 251658240                              {pd product} {ergonomic}
     bool SegmentedCodeCache                       = true                                      {product} {ergonomic}
     bool UseCompressedClassPointers               = true                                 {lp64_product} {ergonomic}
     bool UseCompressedOops                        = true                                 {lp64_product} {ergonomic}
     bool UseG1GC                                  = true                                      {product} {ergonomic}

Logging:
Log output configuration:
 #0: stdout all=warning uptime,level,tags
 #1: stderr all=off uptime,level,tags

Environment Variables:
PATH=/usr/local/sbin:/usr/local/bin:/usr/sbin:/usr/bin:/sbin:/bin:/usr/games:/usr/local/games:/snap/bin
SHELL=/bin/bash
DISPLAY=:0

Signal Handlers:
SIGSEGV: [libjvm.so+0xe28d40], sa_mask[0]=11111111011111111101111111111110, sa_flags=SA_RESTART|SA_SIGINFO
SIGBUS: [libjvm.so+0xe28d40], sa_mask[0]=11111111011111111101111111111110, sa_flags=SA_RESTART|SA_SIGINFO
SIGFPE: [libjvm.so+0xe28d40], sa_mask[0]=11111111011111111101111111111110, sa_flags=SA_RESTART|SA_SIGINFO
SIGPIPE: [libjvm.so+0xbfd500], sa_mask[0]=11111111011111111101111111111110, sa_flags=SA_RESTART|SA_SIGINFO
SIGXFSZ: [libjvm.so+0xbfd500], sa_mask[0]=11111111011111111101111111111110, sa_flags=SA_RESTART|SA_SIGINFO
SIGILL: [libjvm.so+0xe28d40], sa_mask[0]=11111111011111111101111111111110, sa_flags=SA_RESTART|SA_SIGINFO
SIGUSR2: [libjvm.so+0xbfd3a0], sa_mask[0]=00100000000000000000000000000000, sa_flags=SA_RESTART|SA_SIGINFO
SIGHUP: [libjvm.so+0xbfd700], sa_mask[0]=11111111011111111101111111111110, sa_flags=SA_RESTART|SA_SIGINFO
SIGINT: SIG_IGN, sa_mask[0]=00000000000000000000000000000000, sa_flags=none
SIGTERM: [libjvm.so+0xbfd700], sa_mask[0]=11111111011111111101111111111110, sa_flags=SA_RESTART|SA_SIGINFO
SIGQUIT: [libjvm.so+0xbfd700], sa_mask[0]=11111111011111111101111111111110, sa_flags=SA_RESTART|SA_SIGINFO


---------------  S Y S T E M  ---------------

OS:DISTRIB_ID=Ubuntu
DISTRIB_RELEASE=18.04
DISTRIB_CODENAME=bionic
DISTRIB_DESCRIPTION="Ubuntu 18.04.3 LTS"
uname:Linux 5.0.0-32-generic #34~18.04.2-Ubuntu SMP Thu Oct 10 10:36:02 UTC 2019 x86_64
libc:glibc 2.27 NPTL 2.27 
rlimit: STACK 8192k, CORE 0k, NPROC 31249, NOFILE 1048576, AS infinity, DATA infinity, FSIZE infinity
load average:0.38 0.36 0.36

/proc/meminfo:
MemTotal:        8068920 kB
MemFree:         2621984 kB
MemAvailable:    4422984 kB
Buffers:          213200 kB
Cached:          2000196 kB
SwapCached:            0 kB
Active:          4065896 kB
Inactive:         989316 kB
Active(anon):    2855976 kB
Inactive(anon):   254876 kB
Active(file):    1209920 kB
Inactive(file):   734440 kB
Unevictable:       71024 kB
Mlocked:               0 kB
SwapTotal:       2097148 kB
SwapFree:        2097148 kB
Dirty:               644 kB
Writeback:             0 kB
AnonPages:       2913088 kB
Mapped:           702704 kB
Shmem:            268896 kB
KReclaimable:     151648 kB
Slab:             199844 kB
SReclaimable:     151648 kB
SUnreclaim:        48196 kB
KernelStack:       11680 kB
PageTables:        51608 kB
NFS_Unstable:          0 kB
Bounce:                0 kB
WritebackTmp:          0 kB
CommitLimit:     6131608 kB
Committed_AS:    5678180 kB
VmallocTotal:   34359738367 kB
VmallocUsed:           0 kB
VmallocChunk:          0 kB
Percpu:             1184 kB
HardwareCorrupted:     0 kB
AnonHugePages:         0 kB
ShmemHugePages:        0 kB
ShmemPmdMapped:        0 kB
CmaTotal:              0 kB
CmaFree:               0 kB
HugePages_Total:       0
HugePages_Free:        0
HugePages_Rsvd:        0
HugePages_Surp:        0
Hugepagesize:       2048 kB
Hugetlb:               0 kB
DirectMap4k:      196584 kB
DirectMap2M:     5998592 kB
DirectMap1G:     3145728 kB


/proc/sys/kernel/threads-max (system-wide limit on the number of threads):
62498


/proc/sys/vm/max_map_count (maximum number of memory map areas a process may have):
65530


/proc/sys/kernel/pid_max (system-wide limit on number of process identifiers):
32768



container (cgroup) information:
container_type: cgroupv1
cpu_cpuset_cpus: 0-3
cpu_memory_nodes: 0
active_processor_count: 4
cpu_quota: -1
cpu_period: 100000
cpu_shares: -1
memory_limit_in_bytes: -1
memory_and_swap_limit_in_bytes: -2
memory_soft_limit_in_bytes: -1
memory_usage_in_bytes: 5249384448
memory_max_usage_in_bytes: 8564736


CPU:total 4 (initial active 4) (2 cores per cpu, 2 threads per core) family 6 model 69 stepping 1, cmov, cx8, fxsr, mmx, sse, sse2, sse3, ssse3, sse4.1, sse4.2, popcnt, avx, avx2, aes, clmul, erms, lzcnt, ht, tsc, tscinvbit, bmi1, bmi2, fma
CPU Model and flags from /proc/cpuinfo:
model name	: Intel(R) Core(TM) i5-4310U CPU @ 2.00GHz
flags		: fpu vme de pse tsc msr pae mce cx8 apic sep mtrr pge mca cmov pat pse36 clflush dts acpi mmx fxsr sse sse2 ss ht tm pbe syscall nx pdpe1gb rdtscp lm constant_tsc arch_perfmon pebs bts rep_good nopl xtopology nonstop_tsc cpuid aperfmperf pni pclmulqdq dtes64 monitor ds_cpl vmx smx est tm2 ssse3 sdbg fma cx16 xtpr pdcm pcid sse4_1 sse4_2 x2apic movbe popcnt tsc_deadline_timer aes xsave avx f16c rdrand lahf_lm abm cpuid_fault epb invpcid_single pti ssbd ibrs ibpb stibp tpr_shadow vnmi flexpriority ept vpid ept_ad fsgsbase tsc_adjust bmi1 avx2 smep bmi2 erms invpcid xsaveopt dtherm ida arat pln pts md_clear flush_l1d

Memory: 4k page, physical 8068920k(2621984k free), swap 2097148k(2097148k free)

vm_info: OpenJDK 64-Bit Server VM (11.0.2+9) for linux-amd64 JRE (11.0.2+9), built on Jan 17 2019 21:18:23 by "mach5one" with gcc 7.3.0

END.
